ūüď¶ Node.js version: v22.22.1
ūüĒĄ Updating GitHub cache...
‚úÖ GitHub cache updated (demo mode)

  ‚ĖĄ‚ĖĄ‚ĖĄ‚ĖĄ‚ĖĄ‚ĖĄ‚ĖĄ‚ĖĄ‚ĖĄ‚ĖĄ‚ĖĄ‚ĖĄ‚ĖĄ‚ĖĄ‚ĖĄ‚ĖĄ‚ĖĄ‚ĖĄ‚ĖĄ‚ĖĄ‚ĖĄ‚ĖĄ‚ĖĄ‚ĖĄ‚ĖĄ‚ĖĄ‚ĖĄ‚ĖĄ‚ĖĄ‚ĖĄ‚ĖĄ‚ĖĄ‚ĖĄ‚ĖĄ‚ĖĄ‚ĖĄ‚ĖĄ‚ĖĄ‚ĖĄ‚ĖĄ‚ĖĄ‚ĖĄ‚ĖĄ‚ĖĄ‚ĖĄ‚ĖĄ‚ĖĄ‚ĖĄ‚ĖĄ‚ĖĄ‚ĖĄ‚ĖĄ
  ‚Ėą‚Ėą‚ĖĎ‚ĖĄ‚ĖĄ‚ĖĄ‚ĖĎ‚Ėą‚Ėą‚ĖĎ‚ĖĄ‚ĖĄ‚ĖĎ‚Ėą‚Ėą‚ĖĎ‚ĖĄ‚ĖĄ‚ĖĄ‚Ėą‚Ėą‚ĖĎ‚ĖÄ‚Ėą‚Ėą‚ĖĎ‚Ėą‚Ėą‚ĖĎ‚ĖĄ‚ĖĄ‚ĖÄ‚Ėą‚Ėą‚ĖĎ‚Ėą‚Ėą‚Ėą‚Ėą‚ĖĎ‚ĖĄ‚ĖĄ‚ĖÄ‚Ėą‚Ėą‚ĖĎ‚Ėą‚Ėą‚Ėą‚ĖĎ‚Ėą‚Ėą
  ‚Ėą‚Ėą‚ĖĎ‚Ėą‚Ėą‚Ėą‚ĖĎ‚Ėą‚Ėą‚ĖĎ‚ĖÄ‚ĖÄ‚ĖĎ‚Ėą‚Ėą‚ĖĎ‚ĖĄ‚ĖĄ‚ĖĄ‚Ėą‚Ėą‚ĖĎ‚Ėą‚ĖĎ‚Ėą‚ĖĎ‚Ėą‚Ėą‚ĖĎ‚Ėą‚Ėą‚Ėą‚Ėą‚Ėą‚ĖĎ‚Ėą‚Ėą‚Ėą‚Ėą‚ĖĎ‚ĖÄ‚ĖÄ‚ĖĎ‚Ėą‚Ėą‚ĖĎ‚Ėą‚ĖĎ‚Ėą‚ĖĎ‚Ėą‚Ėą
  ‚Ėą‚Ėą‚ĖĎ‚ĖÄ‚ĖÄ‚ĖÄ‚ĖĎ‚Ėą‚Ėą‚ĖĎ‚Ėą‚Ėą‚Ėą‚Ėą‚Ėą‚ĖĎ‚ĖÄ‚ĖÄ‚ĖÄ‚Ėą‚Ėą‚ĖĎ‚Ėą‚Ėą‚ĖĄ‚ĖĎ‚Ėą‚Ėą‚ĖĎ‚ĖÄ‚ĖÄ‚ĖĄ‚Ėą‚Ėą‚ĖĎ‚ĖÄ‚ĖÄ‚ĖĎ‚Ėą‚ĖĎ‚Ėą‚Ėą‚ĖĎ‚Ėą‚Ėą‚ĖĄ‚ĖÄ‚ĖĄ‚ĖÄ‚ĖĄ‚Ėą‚Ėą
  ‚ĖÄ‚ĖÄ‚ĖÄ‚ĖÄ‚ĖÄ‚ĖÄ‚ĖÄ‚ĖÄ‚ĖÄ‚ĖÄ‚ĖÄ‚ĖÄ‚ĖÄ‚ĖÄ‚ĖÄ‚ĖÄ‚ĖÄ‚ĖÄ‚ĖÄ‚ĖÄ‚ĖÄ‚ĖÄ‚ĖÄ‚ĖÄ‚ĖÄ‚ĖÄ‚ĖÄ‚ĖÄ‚ĖÄ‚ĖÄ‚ĖÄ‚ĖÄ‚ĖÄ‚ĖÄ‚ĖÄ‚ĖÄ‚ĖÄ‚ĖÄ‚ĖÄ‚ĖÄ‚ĖÄ‚ĖÄ‚ĖÄ‚ĖÄ‚ĖÄ‚ĖÄ‚ĖÄ‚ĖÄ‚ĖÄ‚ĖÄ‚ĖÄ‚ĖÄ
   ūü¶ě OPENCLAW CYBERPUNK CONTROL PANEL v2.0.0
   ūüöÄ WITH GITHUB INTEGRATION (STABLE VERSION)
  
ūüöÄ –ü–į–Ĺ–Ķ–Ľ—Ć —É–Ņ—Ä–į–≤–Ľ–Ķ–Ĺ–ł—Ź –∑–į–Ņ—É—Č–Ķ–Ĺ–į –Ĺ–į http://localhost:3000
ūüĆć –†–Ķ–∂–ł–ľ: STABLE DEMO
ūüďĀ –°—ā–į—ā–ł—á–Ķ—Ā–ļ–ł–Ķ —Ą–į–Ļ–Ľ—č: /home/pc/.openclaw/workspace/openclaw-cyberpunk-panel/public

ūüďč –Ē–ĺ—Ā—ā—É–Ņ–Ĺ—č–Ķ —ć–Ĺ–ī–Ņ–ĺ–ł–Ĺ—ā—č:
   ‚ÄĘ –ü–į–Ĺ–Ķ–Ľ—Ć —É–Ņ—Ä–į–≤–Ľ–Ķ–Ĺ–ł—Ź: http://localhost:3000
   ‚ÄĘ GitHub API: http://localhost:3000/api/github
   ‚ÄĘ Health check: http://localhost:3000/health
   ‚ÄĘ System info: http://localhost:3000/system/info
   ‚ÄĘ Simple version: http://localhost:3000/simple

ūüĒó GitHub Integration:
   ‚ÄĘ Mode: DEMO (stable data)
   ‚ÄĘ WebSocket: ‚úÖ Active
   ‚ÄĘ Real-time: ‚úÖ Enabled
   ‚ÄĘ Status: ‚úÖ WORKING

ūüõĎ –Ē–Ľ—Ź –ĺ—Ā—ā–į–Ĺ–ĺ–≤–ļ–ł –Ĺ–į–∂–ľ–ł—ā–Ķ Ctrl+C
    
‚úÖ GitHub cache initialized
